Using pre-set license
Built from '2021.3/staging' branch; Version is '2021.3.5f1 (40eb3a945986) revision 4254522'; Using compiler version '192829333'; Build Type 'Release'
OS: 'Windows 11  (10.0.22621) 64bit Core' Language: 'es' Physical Memory: 7514 MB
BatchMode: 1, IsHumanControllingUs: 0, StartBugReporterOnCrash: 0, Is64bit: 1, IsPro: 1

COMMAND LINE ARGUMENTS:
C:\Program Files\Unity\Hub\Editor\2021.3.5f1\Editor\Unity.exe
-adb2
-batchMode
-noUpm
-name
AssetImportWorker1
-projectPath
C:/Users/alexg/Desktop/Github/DeltaTime
-logFile
Logs/AssetImportWorker1.log
-srvPort
64575
Successfully changed project path to: C:/Users/alexg/Desktop/Github/DeltaTime
C:/Users/alexg/Desktop/Github/DeltaTime
[UnityMemory] Configuration Parameters - Can be set up in boot.config
    "memorysetup-bucket-allocator-granularity=16"
    "memorysetup-bucket-allocator-bucket-count=8"
    "memorysetup-bucket-allocator-block-size=33554432"
    "memorysetup-bucket-allocator-block-count=8"
    "memorysetup-main-allocator-block-size=16777216"
    "memorysetup-thread-allocator-block-size=16777216"
    "memorysetup-gfx-main-allocator-block-size=16777216"
    "memorysetup-gfx-thread-allocator-block-size=16777216"
    "memorysetup-cache-allocator-block-size=4194304"
    "memorysetup-typetree-allocator-block-size=2097152"
    "memorysetup-profiler-bucket-allocator-granularity=16"
    "memorysetup-profiler-bucket-allocator-bucket-count=8"
    "memorysetup-profiler-bucket-allocator-block-size=33554432"
    "memorysetup-profiler-bucket-allocator-block-count=8"
    "memorysetup-profiler-allocator-block-size=16777216"
    "memorysetup-profiler-editor-allocator-block-size=1048576"
    "memorysetup-temp-allocator-size-main=16777216"
    "memorysetup-job-temp-allocator-block-size=2097152"
    "memorysetup-job-temp-allocator-block-size-background=1048576"
    "memorysetup-job-temp-allocator-reduction-small-platforms=262144"
    "memorysetup-temp-allocator-size-background-worker=32768"
    "memorysetup-temp-allocator-size-job-worker=262144"
    "memorysetup-temp-allocator-size-preload-manager=33554432"
    "memorysetup-temp-allocator-size-nav-mesh-worker=65536"
    "memorysetup-temp-allocator-size-audio-worker=65536"
    "memorysetup-temp-allocator-size-cloud-worker=32768"
    "memorysetup-temp-allocator-size-gi-baking-worker=262144"
    "memorysetup-temp-allocator-size-gfx=262144"
Refreshing native plugins compatible for Editor in 512.67 ms, found 4 plugins.
Preloading 0 native plugins for Editor in 0.00 ms.
Initialize engine version: 2021.3.5f1 (40eb3a945986)
[Subsystems] Discovering subsystems at path C:/Program Files/Unity/Hub/Editor/2021.3.5f1/Editor/Data/Resources/UnitySubsystems
[Subsystems] Discovering subsystems at path C:/Users/alexg/Desktop/Github/DeltaTime/Assets
GfxDevice: creating device client; threaded=0; jobified=0
Direct3D:
    Version:  Direct3D 11.0 [level 11.1]
    Renderer: NVIDIA GeForce GTX 1650 (ID=0x1f9d)
    Vendor:   NVIDIA
    VRAM:     3962 MB
    Driver:   27.21.14.5734
Initialize mono
Mono path[0] = 'C:/Program Files/Unity/Hub/Editor/2021.3.5f1/Editor/Data/Managed'
Mono path[1] = 'C:/Program Files/Unity/Hub/Editor/2021.3.5f1/Editor/Data/MonoBleedingEdge/lib/mono/unityjit-win32'
Mono config path = 'C:/Program Files/Unity/Hub/Editor/2021.3.5f1/Editor/Data/MonoBleedingEdge/etc'
Using monoOptions --debugger-agent=transport=dt_socket,embedding=1,server=y,suspend=n,address=127.0.0.1:56700
Begin MonoManager ReloadAssembly
Registering precompiled unity dll's ...
Register platform support module: C:/Program Files/Unity/Hub/Editor/2021.3.5f1/Editor/Data/PlaybackEngines/WindowsStandaloneSupport/UnityEditor.WindowsStandalone.Extensions.dll
Registered in 0.008602 seconds.
Native extension for WindowsStandalone target not found
Refreshing native plugins compatible for Editor in 260.76 ms, found 4 plugins.
Preloading 0 native plugins for Editor in 0.00 ms.
Mono: successfully reloaded assembly
- Completed reload, in  1.526 seconds
Domain Reload Profiling:
	ReloadAssembly (1527ms)
		BeginReloadAssembly (207ms)
			ExecutionOrderSort (0ms)
			DisableScriptedObjects (0ms)
			BackupInstance (0ms)
			ReleaseScriptingObjects (0ms)
			CreateAndSetChildDomain (1ms)
		EndReloadAssembly (1096ms)
			LoadAssemblies (203ms)
			RebuildTransferFunctionScriptingTraits (0ms)
			SetupTypeCache (229ms)
			ReleaseScriptCaches (0ms)
			RebuildScriptCaches (56ms)
			SetupLoadedEditorAssemblies (706ms)
				LogAssemblyErrors (0ms)
				InitializePlatformSupportModulesInManaged (13ms)
				SetLoadedEditorAssemblies (0ms)
				RefreshPlugins (261ms)
				BeforeProcessingInitializeOnLoad (3ms)
				ProcessInitializeOnLoadAttributes (313ms)
				ProcessInitializeOnLoadMethodAttributes (116ms)
				AfterProcessingInitializeOnLoad (0ms)
				EditorAssembliesLoaded (0ms)
			ExecutionOrderSort2 (0ms)
			AwakeInstancesAfterBackupRestoration (0ms)
Platform modules already initialized, skipping
Registering precompiled user dll's ...
Registered in 0.033050 seconds.
Begin MonoManager ReloadAssembly
Symbol file LoadedFromMemory doesn't match image C:\Users\alexg\Desktop\Github\DeltaTime\Library\PackageCache\com.unity.visualscripting@1.7.8\Editor\VisualScripting.Core\Dependencies\YamlDotNet\Unity.VisualScripting.YamlDotNet.dll
Symbol file LoadedFromMemory doesn't match image C:\Users\alexg\Desktop\Github\DeltaTime\Library\PackageCache\com.unity.visualscripting@1.7.8\Editor\VisualScripting.Core\Dependencies\DotNetZip\Unity.VisualScripting.IonicZip.dll
Native extension for WindowsStandalone target not found
Refreshing native plugins compatible for Editor in 293.41 ms, found 4 plugins.
Preloading 0 native plugins for Editor in 0.00 ms.
Mono: successfully reloaded assembly
- Completed reload, in  3.619 seconds
Domain Reload Profiling:
	ReloadAssembly (3620ms)
		BeginReloadAssembly (469ms)
			ExecutionOrderSort (0ms)
			DisableScriptedObjects (11ms)
			BackupInstance (0ms)
			ReleaseScriptingObjects (0ms)
			CreateAndSetChildDomain (41ms)
		EndReloadAssembly (2769ms)
			LoadAssemblies (520ms)
			RebuildTransferFunctionScriptingTraits (0ms)
			SetupTypeCache (715ms)
			ReleaseScriptCaches (1ms)
			RebuildScriptCaches (142ms)
			SetupLoadedEditorAssemblies (1532ms)
				LogAssemblyErrors (0ms)
				InitializePlatformSupportModulesInManaged (10ms)
				SetLoadedEditorAssemblies (0ms)
				RefreshPlugins (294ms)
				BeforeProcessingInitializeOnLoad (267ms)
				ProcessInitializeOnLoadAttributes (739ms)
				ProcessInitializeOnLoadMethodAttributes (207ms)
				AfterProcessingInitializeOnLoad (14ms)
				EditorAssembliesLoaded (1ms)
			ExecutionOrderSort2 (0ms)
			AwakeInstancesAfterBackupRestoration (11ms)
Platform modules already initialized, skipping
========================================================================
Worker process is ready to serve import requests
Launched and connected shader compiler UnityShaderCompiler.exe after 0.09 seconds
Refreshing native plugins compatible for Editor in 1.82 ms, found 4 plugins.
Preloading 0 native plugins for Editor in 0.00 ms.
Unloading 5885 Unused Serialized files (Serialized files now loaded: 0)
Unloading 46 unused Assets / (0.7 MB). Loaded Objects now: 6335.
Memory consumption went from 228.9 MB to 228.2 MB.
Total: 10.180000 ms (FindLiveObjects: 0.890700 ms CreateObjectMapping: 0.434900 ms MarkObjects: 8.237300 ms  DeleteObjects: 0.613500 ms)

AssetImportParameters requested are different than current active one (requested -> active):
  custom:video-decoder-ogg-theora: a1e56fd34408186e4bbccfd4996cb3dc -> 
  custom:container-muxer-webm: aa71ff27fc2769a1b78a27578f13a17b -> 
  custom:container-demuxer-webm: 4f35f7cbe854078d1ac9338744f61a02 -> 
  custom:video-encoder-webm-vp8: eb34c28f22e8b96e1ab97ce403110664 -> 
  custom:audio-encoder-webm-vorbis: bf7c407c2cedff20999df2af8eb42d56 -> 
  custom:framework-win-MediaFoundation: 216162199b28c13a410421893ffa2e32 -> 
  custom:container-demuxer-ogg: 62fdf1f143b41e24485cea50d1cbac27 -> 
  custom:video-decoder-webm-vp8: 9c59270c3fd7afecdb556c50c9e8de78 -> 
  custom:audio-decoder-ogg-vorbis: bf7c407c2cedff20999df2af8eb42d56 -> 
========================================================================
Received Import Request.
  Time since last request: 701722.041444 seconds.
  path: Assets/UniversalRenderPipelineGlobalSettings.asset
  artifactKey: Guid(7fc3f6b1a69f3424bb520fa876bf5033) Importer(815301076,1909f56bfc062723c751e8b465ee728b)
Start importing Assets/UniversalRenderPipelineGlobalSettings.asset using Guid(7fc3f6b1a69f3424bb520fa876bf5033) Importer(815301076,1909f56bfc062723c751e8b465ee728b)  -> (artifact id: '54c8d39dd804e30157289f22d35451d7') in 0.091486 seconds 
========================================================================
Received Import Request.
  Time since last request: 40.987252 seconds.
  path: Assets/Sprites/Units/Characters/NAMKA/name.png
  artifactKey: Guid(3cda2a0bb0b4bc849a5f1ed6b7f24c51) Importer(815301076,1909f56bfc062723c751e8b465ee728b)
Start importing Assets/Sprites/Units/Characters/NAMKA/name.png using Guid(3cda2a0bb0b4bc849a5f1ed6b7f24c51) Importer(815301076,1909f56bfc062723c751e8b465ee728b)  -> (artifact id: '9e00f3bbb6dd41424e7ebc65bcaa567f') in 0.261064 seconds 
========================================================================
Received Import Request.
  Time since last request: 2.922721 seconds.
  path: Assets/Settings/Renderer2D.asset
  artifactKey: Guid(424799608f7334c24bf367e4bbfa7f9a) Importer(815301076,1909f56bfc062723c751e8b465ee728b)
Start importing Assets/Settings/Renderer2D.asset using Guid(424799608f7334c24bf367e4bbfa7f9a) Importer(815301076,1909f56bfc062723c751e8b465ee728b)  -> (artifact id: '13d983e8e46830c21d777fa86a32e8fa') in 0.015975 seconds 
========================================================================
Received Import Request.
  Time since last request: 0.000060 seconds.
  path: Assets/Settings/UniversalRP.asset
  artifactKey: Guid(681886c5eb7344803b6206f758bf0b1c) Importer(815301076,1909f56bfc062723c751e8b465ee728b)
Start importing Assets/Settings/UniversalRP.asset using Guid(681886c5eb7344803b6206f758bf0b1c) Importer(815301076,1909f56bfc062723c751e8b465ee728b)  -> (artifact id: '4f32402741679e166e6f4c0b390951e1') in 0.017924 seconds 
========================================================================
Received Import Request.
  Time since last request: 297.741584 seconds.
  path: Assets/Sprites/Tilemaps/Abyss sprite pack 2/Background_tiles/Beehive_background.png
  artifactKey: Guid(e0347d46e36478246ad0be846d4cbb9b) Importer(815301076,1909f56bfc062723c751e8b465ee728b)
Start importing Assets/Sprites/Tilemaps/Abyss sprite pack 2/Background_tiles/Beehive_background.png using Guid(e0347d46e36478246ad0be846d4cbb9b) Importer(815301076,1909f56bfc062723c751e8b465ee728b)  -> (artifact id: 'e99462f5f68a19be85e169bb090e46e1') in 0.106031 seconds 
========================================================================
Received Import Request.
  Time since last request: 0.000090 seconds.
  path: Assets/Sprites/Tilemaps/Abyss sprite pack 2/Background_tiles/Ruins_background.png
  artifactKey: Guid(bd9f08e306ed12d47b31cfba881c1ea5) Importer(815301076,1909f56bfc062723c751e8b465ee728b)
Start importing Assets/Sprites/Tilemaps/Abyss sprite pack 2/Background_tiles/Ruins_background.png using Guid(bd9f08e306ed12d47b31cfba881c1ea5) Importer(815301076,1909f56bfc062723c751e8b465ee728b)  -> (artifact id: '83d4e85118f686e0786263c9d42992c5') in 0.081543 seconds 
========================================================================
Received Import Request.
  Time since last request: 0.000091 seconds.
  path: Assets/Sprites/Tilemaps/Abyss sprite pack 2/Background_tiles/Corruption_background.png
  artifactKey: Guid(0863ec412a3c2c14e8bc558e6d94b4e2) Importer(815301076,1909f56bfc062723c751e8b465ee728b)
Start importing Assets/Sprites/Tilemaps/Abyss sprite pack 2/Background_tiles/Corruption_background.png using Guid(0863ec412a3c2c14e8bc558e6d94b4e2) Importer(815301076,1909f56bfc062723c751e8b465ee728b)  -> (artifact id: '2918640895a939f8098c1bfec94c7c05') in 0.055088 seconds 
========================================================================
Received Import Request.
  Time since last request: 0.000079 seconds.
  path: Assets/Sprites/Tilemaps/Abyss sprite pack 2/Background_tiles/Forest_background.png
  artifactKey: Guid(d8554da2f354dd64bad84faf17c99d68) Importer(815301076,1909f56bfc062723c751e8b465ee728b)
Start importing Assets/Sprites/Tilemaps/Abyss sprite pack 2/Background_tiles/Forest_background.png using Guid(d8554da2f354dd64bad84faf17c99d68) Importer(815301076,1909f56bfc062723c751e8b465ee728b)  -> (artifact id: 'a8f440688578a6c42fd3470fd5fcb5b9') in 0.055790 seconds 
========================================================================
Received Import Request.
  Time since last request: 0.000098 seconds.
  path: Assets/Sprites/Tilemaps/Abyss sprite pack 2/Background_tiles/Deep_background.png
  artifactKey: Guid(6f3e0589c26af034aadd9f7489647b65) Importer(815301076,1909f56bfc062723c751e8b465ee728b)
Start importing Assets/Sprites/Tilemaps/Abyss sprite pack 2/Background_tiles/Deep_background.png using Guid(6f3e0589c26af034aadd9f7489647b65) Importer(815301076,1909f56bfc062723c751e8b465ee728b)  -> (artifact id: 'fe05376a0db8f443c17b4a776b38ba72') in 0.053979 seconds 
========================================================================
Received Import Request.
  Time since last request: 2.694940 seconds.
  path: Assets/Sprites/Tilemaps/Abyss sprite pack 2/Ground_tiles/Alien_tileset.png
  artifactKey: Guid(51de07ee74e2759478e7560046abbf26) Importer(815301076,1909f56bfc062723c751e8b465ee728b)
Start importing Assets/Sprites/Tilemaps/Abyss sprite pack 2/Ground_tiles/Alien_tileset.png using Guid(51de07ee74e2759478e7560046abbf26) Importer(815301076,1909f56bfc062723c751e8b465ee728b)  -> (artifact id: '4c37a8ca318b864f8e2e78d0f1461f8c') in 0.040264 seconds 
========================================================================
Received Import Request.
  Time since last request: 0.000067 seconds.
  path: Assets/Sprites/Tilemaps/Abyss sprite pack 2/Ground_tiles/Ruins_environment_tileset.png
  artifactKey: Guid(0d3dc0cdb8b6c9742bc7740e54787a02) Importer(815301076,1909f56bfc062723c751e8b465ee728b)
Start importing Assets/Sprites/Tilemaps/Abyss sprite pack 2/Ground_tiles/Ruins_environment_tileset.png using Guid(0d3dc0cdb8b6c9742bc7740e54787a02) Importer(815301076,1909f56bfc062723c751e8b465ee728b)  -> (artifact id: 'd625212d5a99040749fb78f3d739d4f0') in 0.043238 seconds 
========================================================================
Received Import Request.
  Time since last request: 0.000049 seconds.
  path: Assets/Sprites/Tilemaps/Abyss sprite pack 2/Ground_tiles/Cave_tileset.png
  artifactKey: Guid(7d5fc9f2028bddf4789b58a06de1909b) Importer(815301076,1909f56bfc062723c751e8b465ee728b)
Start importing Assets/Sprites/Tilemaps/Abyss sprite pack 2/Ground_tiles/Cave_tileset.png using Guid(7d5fc9f2028bddf4789b58a06de1909b) Importer(815301076,1909f56bfc062723c751e8b465ee728b)  -> (artifact id: 'e515019bbebf04f98ff09101b1d6caf7') in 0.039302 seconds 
========================================================================
Received Import Request.
  Time since last request: 0.000070 seconds.
  path: Assets/Sprites/Tilemaps/Abyss sprite pack 2/Ground_tiles/Deep_tileset.png
  artifactKey: Guid(ab43dac3caec2a34fa04e9d60260f578) Importer(815301076,1909f56bfc062723c751e8b465ee728b)
Start importing Assets/Sprites/Tilemaps/Abyss sprite pack 2/Ground_tiles/Deep_tileset.png using Guid(ab43dac3caec2a34fa04e9d60260f578) Importer(815301076,1909f56bfc062723c751e8b465ee728b)  -> (artifact id: 'f717589c3e340275d3131be1e6138421') in 0.042337 seconds 
========================================================================
Received Import Request.
  Time since last request: 0.000078 seconds.
  path: Assets/Sprites/Tilemaps/Abyss sprite pack 2/Ground_tiles/Ruins_tileset.png
  artifactKey: Guid(b56e8af86e3a3fd4ba4b775e5688903d) Importer(815301076,1909f56bfc062723c751e8b465ee728b)
Start importing Assets/Sprites/Tilemaps/Abyss sprite pack 2/Ground_tiles/Ruins_tileset.png using Guid(b56e8af86e3a3fd4ba4b775e5688903d) Importer(815301076,1909f56bfc062723c751e8b465ee728b)  -> (artifact id: '1d2dfc5c1da4a8824429404f105ac4f4') in 0.043626 seconds 
========================================================================
Received Import Request.
  Time since last request: 0.000062 seconds.
  path: Assets/Sprites/Tilemaps/Abyss sprite pack 2/Ground_tiles/Forest_tileset.png
  artifactKey: Guid(152010f8aad297142a793f7caf708bc7) Importer(815301076,1909f56bfc062723c751e8b465ee728b)
Start importing Assets/Sprites/Tilemaps/Abyss sprite pack 2/Ground_tiles/Forest_tileset.png using Guid(152010f8aad297142a793f7caf708bc7) Importer(815301076,1909f56bfc062723c751e8b465ee728b)  -> (artifact id: 'c5fda17b21a69b5dcecf52595bf90e69') in 0.043582 seconds 
========================================================================
Received Import Request.
  Time since last request: 0.000051 seconds.
  path: Assets/Sprites/Tilemaps/Abyss sprite pack 2/Ground_tiles/Monster_tileset.png
  artifactKey: Guid(39bf04c18f86c1b4499cce6c924e7cc5) Importer(815301076,1909f56bfc062723c751e8b465ee728b)
Start importing Assets/Sprites/Tilemaps/Abyss sprite pack 2/Ground_tiles/Monster_tileset.png using Guid(39bf04c18f86c1b4499cce6c924e7cc5) Importer(815301076,1909f56bfc062723c751e8b465ee728b)  -> (artifact id: 'b6adc9679fd76f51c3c5c67919c6dc98') in 0.041991 seconds 
========================================================================
Received Import Request.
  Time since last request: 0.000067 seconds.
  path: Assets/Sprites/Tilemaps/Abyss sprite pack 2/Ground_tiles/Corruption_environment_tileset.png
  artifactKey: Guid(4129ac6d4ddba6e4392b9b03b14b4462) Importer(815301076,1909f56bfc062723c751e8b465ee728b)
Start importing Assets/Sprites/Tilemaps/Abyss sprite pack 2/Ground_tiles/Corruption_environment_tileset.png using Guid(4129ac6d4ddba6e4392b9b03b14b4462) Importer(815301076,1909f56bfc062723c751e8b465ee728b)  -> (artifact id: '44b6e59ca89fdac1be575c8a9178ed0d') in 0.040823 seconds 
========================================================================
Received Import Request.
  Time since last request: 0.000053 seconds.
  path: Assets/Sprites/Tilemaps/Abyss sprite pack 2/Ground_tiles/Corruption_tileset.png
  artifactKey: Guid(965168b85d05fb542807b263c349b93c) Importer(815301076,1909f56bfc062723c751e8b465ee728b)
Start importing Assets/Sprites/Tilemaps/Abyss sprite pack 2/Ground_tiles/Corruption_tileset.png using Guid(965168b85d05fb542807b263c349b93c) Importer(815301076,1909f56bfc062723c751e8b465ee728b)  -> (artifact id: 'cdc2cdf0b344388e22392613f7076c8c') in 0.040828 seconds 
========================================================================
Received Import Request.
  Time since last request: 0.000077 seconds.
  path: Assets/Sprites/Tilemaps/Abyss sprite pack 2/Ground_tiles/Monster_environment_tileset.png
  artifactKey: Guid(feed88d87e601974a93d3c6e2d5d0b88) Importer(815301076,1909f56bfc062723c751e8b465ee728b)
Start importing Assets/Sprites/Tilemaps/Abyss sprite pack 2/Ground_tiles/Monster_environment_tileset.png using Guid(feed88d87e601974a93d3c6e2d5d0b88) Importer(815301076,1909f56bfc062723c751e8b465ee728b)  -> (artifact id: 'ccc37316d6d72ba3ddebdf067ed41216') in 0.042556 seconds 
========================================================================
Received Import Request.
  Time since last request: 0.000046 seconds.
  path: Assets/Sprites/Tilemaps/Abyss sprite pack 2/Ground_tiles/Beehive_environment_tileset.png
  artifactKey: Guid(be6d9341703e4234f82625f62407ac5a) Importer(815301076,1909f56bfc062723c751e8b465ee728b)
Start importing Assets/Sprites/Tilemaps/Abyss sprite pack 2/Ground_tiles/Beehive_environment_tileset.png using Guid(be6d9341703e4234f82625f62407ac5a) Importer(815301076,1909f56bfc062723c751e8b465ee728b)  -> (artifact id: '5fcad17b8d2e487d090f66e0c22811b0') in 0.040085 seconds 
========================================================================
Received Import Request.
  Time since last request: 3.545477 seconds.
  path: Assets/Sprites/Tilemaps/Abyss sprite pack 2/Showcase/Showcase_2.png
  artifactKey: Guid(9849e1f0637b1414690e2cfc6aad8ecd) Importer(815301076,1909f56bfc062723c751e8b465ee728b)
Start importing Assets/Sprites/Tilemaps/Abyss sprite pack 2/Showcase/Showcase_2.png using Guid(9849e1f0637b1414690e2cfc6aad8ecd) Importer(815301076,1909f56bfc062723c751e8b465ee728b)  -> (artifact id: 'c9ecfc2a8d98d37659d78b822a20ca2e') in 0.311399 seconds 
========================================================================
Received Import Request.
  Time since last request: 32.771029 seconds.
  path: Assets/Sprites/Tilemaps/Fantasy Swamp Forest/Free/Terrain_and_Props.png
  artifactKey: Guid(12307a319400b8545824abc4ec77ee33) Importer(815301076,1909f56bfc062723c751e8b465ee728b)
Start importing Assets/Sprites/Tilemaps/Fantasy Swamp Forest/Free/Terrain_and_Props.png using Guid(12307a319400b8545824abc4ec77ee33) Importer(815301076,1909f56bfc062723c751e8b465ee728b)  -> (artifact id: 'f24b7907467faec6c8e51bf8dc508372') in 0.089210 seconds 
========================================================================
Received Import Request.
  Time since last request: 58.699227 seconds.
  path: Assets/Sprites/Tilemaps/Pixel Art Cave Background/blue_L3.png
  artifactKey: Guid(4ca65025ac3986f4aad206e1273eac79) Importer(815301076,1909f56bfc062723c751e8b465ee728b)
Start importing Assets/Sprites/Tilemaps/Pixel Art Cave Background/blue_L3.png using Guid(4ca65025ac3986f4aad206e1273eac79) Importer(815301076,1909f56bfc062723c751e8b465ee728b)  -> (artifact id: 'bdb391e99655b857d3f25b9d3e84f338') in 0.117109 seconds 
========================================================================
Received Import Request.
  Time since last request: 0.000072 seconds.
  path: Assets/Sprites/Tilemaps/Pixel Art Cave Background/blue_L4.png
  artifactKey: Guid(d8444775f4a039043a60a7dd2bfefd37) Importer(815301076,1909f56bfc062723c751e8b465ee728b)
Start importing Assets/Sprites/Tilemaps/Pixel Art Cave Background/blue_L4.png using Guid(d8444775f4a039043a60a7dd2bfefd37) Importer(815301076,1909f56bfc062723c751e8b465ee728b)  -> (artifact id: '735e29a9a44f1eca1892b2d5c94412dd') in 0.080288 seconds 
========================================================================
Received Import Request.
  Time since last request: 0.000126 seconds.
  path: Assets/Sprites/Tilemaps/Pixel Art Cave Background/purple_L2.png
  artifactKey: Guid(9dc8b3fb18ca81a40a3adcd1e8aaba87) Importer(815301076,1909f56bfc062723c751e8b465ee728b)
Start importing Assets/Sprites/Tilemaps/Pixel Art Cave Background/purple_L2.png using Guid(9dc8b3fb18ca81a40a3adcd1e8aaba87) Importer(815301076,1909f56bfc062723c751e8b465ee728b)  -> (artifact id: 'c6115111b9c7d2b60a6dc1af8169b5dc') in 0.071701 seconds 
========================================================================
Received Import Request.
  Time since last request: 0.000164 seconds.
  path: Assets/Sprites/Tilemaps/Pixel Art Cave Background/red_L1.png
  artifactKey: Guid(73ce3c2cd067e0d4d8d6644d1bb854b6) Importer(815301076,1909f56bfc062723c751e8b465ee728b)
Start importing Assets/Sprites/Tilemaps/Pixel Art Cave Background/red_L1.png using Guid(73ce3c2cd067e0d4d8d6644d1bb854b6) Importer(815301076,1909f56bfc062723c751e8b465ee728b)  -> (artifact id: 'aec9bf713e3e37a2408ad848496d3f20') in 0.076915 seconds 
========================================================================
Received Import Request.
  Time since last request: 0.000114 seconds.
  path: Assets/Sprites/Tilemaps/Pixel Art Cave Background/grey_L2.png
  artifactKey: Guid(1d2fb2b3bd654da409a970c9c61c1ccf) Importer(815301076,1909f56bfc062723c751e8b465ee728b)
Start importing Assets/Sprites/Tilemaps/Pixel Art Cave Background/grey_L2.png using Guid(1d2fb2b3bd654da409a970c9c61c1ccf) Importer(815301076,1909f56bfc062723c751e8b465ee728b)  -> (artifact id: '21be1e14fef1b086dd532a44e507e578') in 0.072964 seconds 
Editor requested this worker to shutdown with reason: Scaling down because of idle timeout
AssetImportWorker is now disconnected from the server
Process exiting
Exiting without the bug reporter. Application will terminate with return code 0